<?xml version="1.0" encoding="UTF-8"?>
<testng-results ignored="0" total="13" passed="13" failed="0" skipped="0">
  <reporter-output>
  </reporter-output>
  <suite started-at="2023-11-18T18:41:30 IST" name="Default suite" finished-at="2023-11-18T18:44:19 IST" duration-ms="169259">
    <groups>
    </groups>
    <test started-at="2023-11-18T18:41:30 IST" name="Default test" finished-at="2023-11-18T18:44:19 IST" duration-ms="169259">
      <class name="KnilaProject.HealthcareApplicationTest">
        <test-method is-config="true" signature="setUp()[pri:0, instance:KnilaProject.HealthcareApplicationTest@376a0d86]" started-at="2023-11-18T18:41:30 IST" name="setUp" finished-at="2023-11-18T18:41:39 IST" duration-ms="9279" status="PASS">
          <reporter-output>
          </reporter-output>
        </test-method> <!-- setUp -->
        <test-method signature="userLogin()[pri:0, instance:KnilaProject.HealthcareApplicationTest@376a0d86]" started-at="2023-11-18T18:41:39 IST" name="userLogin" finished-at="2023-11-18T18:41:42 IST" duration-ms="3132" status="PASS">
          <reporter-output>
          </reporter-output>
        </test-method> <!-- userLogin -->
        <test-method is-config="true" signature="afterMethod(org.testng.ITestResult)[pri:0, instance:KnilaProject.HealthcareApplicationTest@376a0d86]" started-at="2023-11-18T18:41:42 IST" name="afterMethod" finished-at="2023-11-18T18:41:43 IST" duration-ms="229" status="PASS">
          <params>
            <param index="0">
              <value>
                <![CDATA[[TestResult name=userLogin status=SUCCESS method=HealthcareApplicationTest.userLogin()[pri:0, instance:KnilaProject.HealthcareApplicationTest@376a0d86] output={null}]]]>
              </value>
            </param>
          </params>
          <reporter-output>
          </reporter-output>
        </test-method> <!-- afterMethod -->
        <test-method signature="verifyDashboardRedirect()[pri:1, instance:KnilaProject.HealthcareApplicationTest@376a0d86]" started-at="2023-11-18T18:41:43 IST" name="verifyDashboardRedirect" finished-at="2023-11-18T18:41:43 IST" duration-ms="13" status="PASS">
          <reporter-output>
          </reporter-output>
        </test-method> <!-- verifyDashboardRedirect -->
        <test-method is-config="true" signature="afterMethod(org.testng.ITestResult)[pri:0, instance:KnilaProject.HealthcareApplicationTest@376a0d86]" started-at="2023-11-18T18:41:43 IST" name="afterMethod" finished-at="2023-11-18T18:41:43 IST" duration-ms="147" status="PASS">
          <params>
            <param index="0">
              <value>
                <![CDATA[[TestResult name=verifyDashboardRedirect status=SUCCESS method=HealthcareApplicationTest.verifyDashboardRedirect()[pri:1, instance:KnilaProject.HealthcareApplicationTest@376a0d86] output={null}]]]>
              </value>
            </param>
          </params>
          <reporter-output>
          </reporter-output>
        </test-method> <!-- afterMethod -->
        <test-method signature="registerPatient()[pri:2, instance:KnilaProject.HealthcareApplicationTest@376a0d86]" started-at="2023-11-18T18:41:43 IST" name="registerPatient" finished-at="2023-11-18T18:42:02 IST" duration-ms="18730" status="PASS">
          <reporter-output>
          </reporter-output>
        </test-method> <!-- registerPatient -->
        <test-method is-config="true" signature="afterMethod(org.testng.ITestResult)[pri:0, instance:KnilaProject.HealthcareApplicationTest@376a0d86]" started-at="2023-11-18T18:42:02 IST" name="afterMethod" finished-at="2023-11-18T18:42:02 IST" duration-ms="107" status="PASS">
          <params>
            <param index="0">
              <value>
                <![CDATA[[TestResult name=registerPatient status=SUCCESS method=HealthcareApplicationTest.registerPatient()[pri:2, instance:KnilaProject.HealthcareApplicationTest@376a0d86] output={null}]]]>
              </value>
            </param>
          </params>
          <reporter-output>
          </reporter-output>
        </test-method> <!-- afterMethod -->
        <test-method signature="calculateAge()[pri:3, instance:KnilaProject.HealthcareApplicationTest@376a0d86]" started-at="2023-11-18T18:42:02 IST" name="calculateAge" finished-at="2023-11-18T18:42:15 IST" duration-ms="12819" status="PASS">
          <reporter-output>
          </reporter-output>
        </test-method> <!-- calculateAge -->
        <test-method is-config="true" signature="afterMethod(org.testng.ITestResult)[pri:0, instance:KnilaProject.HealthcareApplicationTest@376a0d86]" started-at="2023-11-18T18:42:15 IST" name="afterMethod" finished-at="2023-11-18T18:42:15 IST" duration-ms="143" status="PASS">
          <params>
            <param index="0">
              <value>
                <![CDATA[[TestResult name=calculateAge status=SUCCESS method=HealthcareApplicationTest.calculateAge()[pri:3, instance:KnilaProject.HealthcareApplicationTest@376a0d86] output={null}]]]>
              </value>
            </param>
          </params>
          <reporter-output>
          </reporter-output>
        </test-method> <!-- afterMethod -->
        <test-method signature="uploadAttachment()[pri:4, instance:KnilaProject.HealthcareApplicationTest@376a0d86]" started-at="2023-11-18T18:42:15 IST" name="uploadAttachment" finished-at="2023-11-18T18:42:36 IST" duration-ms="20938" status="PASS">
          <reporter-output>
          </reporter-output>
        </test-method> <!-- uploadAttachment -->
        <test-method is-config="true" signature="afterMethod(org.testng.ITestResult)[pri:0, instance:KnilaProject.HealthcareApplicationTest@376a0d86]" started-at="2023-11-18T18:42:36 IST" name="afterMethod" finished-at="2023-11-18T18:42:36 IST" duration-ms="175" status="PASS">
          <params>
            <param index="0">
              <value>
                <![CDATA[[TestResult name=uploadAttachment status=SUCCESS method=HealthcareApplicationTest.uploadAttachment()[pri:4, instance:KnilaProject.HealthcareApplicationTest@376a0d86] output={null}]]]>
              </value>
            </param>
          </params>
          <reporter-output>
          </reporter-output>
        </test-method> <!-- afterMethod -->
        <test-method signature="verifyAttachment()[pri:5, instance:KnilaProject.HealthcareApplicationTest@376a0d86]" started-at="2023-11-18T18:42:36 IST" name="verifyAttachment" finished-at="2023-11-18T18:42:48 IST" duration-ms="11824" status="PASS">
          <reporter-output>
          </reporter-output>
        </test-method> <!-- verifyAttachment -->
        <test-method is-config="true" signature="afterMethod(org.testng.ITestResult)[pri:0, instance:KnilaProject.HealthcareApplicationTest@376a0d86]" started-at="2023-11-18T18:42:48 IST" name="afterMethod" finished-at="2023-11-18T18:42:48 IST" duration-ms="177" status="PASS">
          <params>
            <param index="0">
              <value>
                <![CDATA[[TestResult name=verifyAttachment status=SUCCESS method=HealthcareApplicationTest.verifyAttachment()[pri:5, instance:KnilaProject.HealthcareApplicationTest@376a0d86] output={null}]]]>
              </value>
            </param>
          </params>
          <reporter-output>
          </reporter-output>
        </test-method> <!-- afterMethod -->
        <test-method signature="recentEntry()[pri:6, instance:KnilaProject.HealthcareApplicationTest@376a0d86]" started-at="2023-11-18T18:42:48 IST" name="recentEntry" finished-at="2023-11-18T18:42:48 IST" duration-ms="185" status="PASS">
          <reporter-output>
          </reporter-output>
        </test-method> <!-- recentEntry -->
        <test-method is-config="true" signature="afterMethod(org.testng.ITestResult)[pri:0, instance:KnilaProject.HealthcareApplicationTest@376a0d86]" started-at="2023-11-18T18:42:48 IST" name="afterMethod" finished-at="2023-11-18T18:42:48 IST" duration-ms="142" status="PASS">
          <params>
            <param index="0">
              <value>
                <![CDATA[[TestResult name=recentEntry status=SUCCESS method=HealthcareApplicationTest.recentEntry()[pri:6, instance:KnilaProject.HealthcareApplicationTest@376a0d86] output={null}]]]>
              </value>
            </param>
          </params>
          <reporter-output>
          </reporter-output>
        </test-method> <!-- afterMethod -->
        <test-method signature="verifyDisplayedBMI()[pri:7, instance:KnilaProject.HealthcareApplicationTest@376a0d86]" started-at="2023-11-18T18:42:48 IST" name="verifyDisplayedBMI" finished-at="2023-11-18T18:43:06 IST" duration-ms="18174" status="PASS">
          <reporter-output>
          </reporter-output>
        </test-method> <!-- verifyDisplayedBMI -->
        <test-method is-config="true" signature="afterMethod(org.testng.ITestResult)[pri:0, instance:KnilaProject.HealthcareApplicationTest@376a0d86]" started-at="2023-11-18T18:43:06 IST" name="afterMethod" finished-at="2023-11-18T18:43:06 IST" duration-ms="131" status="PASS">
          <params>
            <param index="0">
              <value>
                <![CDATA[[TestResult name=verifyDisplayedBMI status=SUCCESS method=HealthcareApplicationTest.verifyDisplayedBMI()[pri:7, instance:KnilaProject.HealthcareApplicationTest@376a0d86] output={null}]]]>
              </value>
            </param>
          </params>
          <reporter-output>
          </reporter-output>
        </test-method> <!-- afterMethod -->
        <test-method signature="calculatedBMI()[pri:8, instance:KnilaProject.HealthcareApplicationTest@376a0d86]" started-at="2023-11-18T18:43:06 IST" name="calculatedBMI" finished-at="2023-11-18T18:43:21 IST" duration-ms="14851" status="PASS">
          <reporter-output>
          </reporter-output>
        </test-method> <!-- calculatedBMI -->
        <test-method is-config="true" signature="afterMethod(org.testng.ITestResult)[pri:0, instance:KnilaProject.HealthcareApplicationTest@376a0d86]" started-at="2023-11-18T18:43:21 IST" name="afterMethod" finished-at="2023-11-18T18:43:21 IST" duration-ms="144" status="PASS">
          <params>
            <param index="0">
              <value>
                <![CDATA[[TestResult name=calculatedBMI status=SUCCESS method=HealthcareApplicationTest.calculatedBMI()[pri:8, instance:KnilaProject.HealthcareApplicationTest@376a0d86] output={null}]]]>
              </value>
            </param>
          </params>
          <reporter-output>
          </reporter-output>
        </test-method> <!-- afterMethod -->
        <test-method signature="captureVitals()[pri:9, instance:KnilaProject.HealthcareApplicationTest@376a0d86]" started-at="2023-11-18T18:43:21 IST" name="captureVitals" finished-at="2023-11-18T18:43:27 IST" duration-ms="5255" status="PASS">
          <reporter-output>
          </reporter-output>
        </test-method> <!-- captureVitals -->
        <test-method is-config="true" signature="afterMethod(org.testng.ITestResult)[pri:0, instance:KnilaProject.HealthcareApplicationTest@376a0d86]" started-at="2023-11-18T18:43:27 IST" name="afterMethod" finished-at="2023-11-18T18:43:27 IST" duration-ms="146" status="PASS">
          <params>
            <param index="0">
              <value>
                <![CDATA[[TestResult name=captureVitals status=SUCCESS method=HealthcareApplicationTest.captureVitals()[pri:9, instance:KnilaProject.HealthcareApplicationTest@376a0d86] output={null}]]]>
              </value>
            </param>
          </params>
          <reporter-output>
          </reporter-output>
        </test-method> <!-- afterMethod -->
        <test-method signature="mergeVisits()[pri:10, instance:KnilaProject.HealthcareApplicationTest@376a0d86]" started-at="2023-11-18T18:43:27 IST" name="mergeVisits" finished-at="2023-11-18T18:43:49 IST" duration-ms="22347" status="PASS">
          <reporter-output>
          </reporter-output>
        </test-method> <!-- mergeVisits -->
        <test-method is-config="true" signature="afterMethod(org.testng.ITestResult)[pri:0, instance:KnilaProject.HealthcareApplicationTest@376a0d86]" started-at="2023-11-18T18:43:49 IST" name="afterMethod" finished-at="2023-11-18T18:43:49 IST" duration-ms="138" status="PASS">
          <params>
            <param index="0">
              <value>
                <![CDATA[[TestResult name=mergeVisits status=SUCCESS method=HealthcareApplicationTest.mergeVisits()[pri:10, instance:KnilaProject.HealthcareApplicationTest@376a0d86] output={null}]]]>
              </value>
            </param>
          </params>
          <reporter-output>
          </reporter-output>
        </test-method> <!-- afterMethod -->
        <test-method signature="addPastVisit()[pri:11, instance:KnilaProject.HealthcareApplicationTest@376a0d86]" started-at="2023-11-18T18:43:49 IST" name="addPastVisit" finished-at="2023-11-18T18:44:10 IST" duration-ms="20166" status="PASS">
          <reporter-output>
          </reporter-output>
        </test-method> <!-- addPastVisit -->
        <test-method is-config="true" signature="afterMethod(org.testng.ITestResult)[pri:0, instance:KnilaProject.HealthcareApplicationTest@376a0d86]" started-at="2023-11-18T18:44:10 IST" name="afterMethod" finished-at="2023-11-18T18:44:10 IST" duration-ms="169" status="PASS">
          <params>
            <param index="0">
              <value>
                <![CDATA[[TestResult name=addPastVisit status=SUCCESS method=HealthcareApplicationTest.addPastVisit()[pri:11, instance:KnilaProject.HealthcareApplicationTest@376a0d86] output={null}]]]>
              </value>
            </param>
          </params>
          <reporter-output>
          </reporter-output>
        </test-method> <!-- afterMethod -->
        <test-method signature="deletePatient()[pri:12, instance:KnilaProject.HealthcareApplicationTest@376a0d86]" started-at="2023-11-18T18:44:10 IST" name="deletePatient" finished-at="2023-11-18T18:44:19 IST" duration-ms="9182" status="PASS">
          <reporter-output>
          </reporter-output>
        </test-method> <!-- deletePatient -->
        <test-method is-config="true" signature="afterMethod(org.testng.ITestResult)[pri:0, instance:KnilaProject.HealthcareApplicationTest@376a0d86]" started-at="2023-11-18T18:44:19 IST" name="afterMethod" finished-at="2023-11-18T18:44:19 IST" duration-ms="123" status="PASS">
          <params>
            <param index="0">
              <value>
                <![CDATA[[TestResult name=deletePatient status=SUCCESS method=HealthcareApplicationTest.deletePatient()[pri:12, instance:KnilaProject.HealthcareApplicationTest@376a0d86] output={null}]]]>
              </value>
            </param>
          </params>
          <reporter-output>
          </reporter-output>
        </test-method> <!-- afterMethod -->
        <test-method is-config="true" signature="tearDown()[pri:0, instance:KnilaProject.HealthcareApplicationTest@376a0d86]" started-at="2023-11-18T18:44:19 IST" name="tearDown" finished-at="2023-11-18T18:44:19 IST" duration-ms="278" status="PASS">
          <reporter-output>
          </reporter-output>
        </test-method> <!-- tearDown -->
      </class> <!-- KnilaProject.HealthcareApplicationTest -->
    </test> <!-- Default test -->
  </suite> <!-- Default suite -->
</testng-results>
