<?xml version="1.0" encoding="UTF-8"?>
<!-- Generated by org.testng.reporters.JUnitXMLReporter -->
<testsuite ignored="0" hostname="LAPTOP-LIQ39GJJ" failures="0" tests="13" name="Default test" time="169.259" errors="0" timestamp="2023-11-18T18:44:19 IST">
  <testcase classname="KnilaProject.HealthcareApplicationTest" name="userLogin" time="3.132"/>
  <testcase classname="KnilaProject.HealthcareApplicationTest" name="verifyDashboardRedirect" time="0.013"/>
  <testcase classname="KnilaProject.HealthcareApplicationTest" name="registerPatient" time="18.73"/>
  <testcase classname="KnilaProject.HealthcareApplicationTest" name="calculateAge" time="12.819"/>
  <testcase classname="KnilaProject.HealthcareApplicationTest" name="uploadAttachment" time="20.938"/>
  <testcase classname="KnilaProject.HealthcareApplicationTest" name="verifyAttachment" time="11.824"/>
  <testcase classname="KnilaProject.HealthcareApplicationTest" name="recentEntry" time="0.185"/>
  <testcase classname="KnilaProject.HealthcareApplicationTest" name="verifyDisplayedBMI" time="18.174"/>
  <testcase classname="KnilaProject.HealthcareApplicationTest" name="calculatedBMI" time="14.851"/>
  <testcase classname="KnilaProject.HealthcareApplicationTest" name="captureVitals" time="5.255"/>
  <testcase classname="KnilaProject.HealthcareApplicationTest" name="mergeVisits" time="22.347"/>
  <testcase classname="KnilaProject.HealthcareApplicationTest" name="addPastVisit" time="20.166"/>
  <testcase classname="KnilaProject.HealthcareApplicationTest" name="deletePatient" time="9.182"/>
</testsuite> <!-- Default test -->
